# JRE version: OpenJDK Runtime Environment Temurin-17+35 (17.0+35) (build 17+35)
# Java VM: OpenJDK 64-Bit Server VM Temurin-17+35 (17+35, mixed mode, tiered, compressed oops, compressed class ptrs, g1 gc, windows-amd64)
GC Precious Log:
 CPUs: 8 total, 8 available
 Memory: 16149M
 Large Page Support: Disabled
 NUMA Support: Disabled
 Compressed Oops: Enabled (Zero based)
 Heap Region Size: 2M
 Heap Min Capacity: 8M
 Heap Initial Capacity: 254M
 Heap Max Capacity: 4038M
 Pre-touch: Disabled
 Parallel Workers: 8
 Concurrent Workers: 2
 Concurrent Refinement Workers: 8
 Periodic GC: Disabled
Heap:
 garbage-first heap   total 90112K, used 23721K [0x0000000703a00000, 0x0000000800000000)
  region size 2048K, 3 young (6144K), 2 survivors (4096K)
 Metaspace       used 60299K, committed 60608K, reserved 1105920K
  class space    used 7727K, committed 7872K, reserved 1048576K
GC Heap History (20 events):
Event: 3.040 GC heap before
{Heap before GC invocations=5 (full 0):
 garbage-first heap   total 49152K, used 12477K [0x0000000703a00000, 0x0000000800000000)
  region size 2048K, 2 young (4096K), 1 survivors (2048K)
 Metaspace       used 27322K, committed 27648K, reserved 1073152K
  class space    used 3161K, committed 3328K, reserved 1048576K
}
Event: 3.044 GC heap after
{Heap after GC invocations=6 (full 0):
 garbage-first heap   total 49152K, used 10653K [0x0000000703a00000, 0x0000000800000000)
  region size 2048K, 1 young (2048K), 1 survivors (2048K)
 Metaspace       used 27322K, committed 27648K, reserved 1073152K
  class space    used 3161K, committed 3328K, reserved 1048576K
}
Event: 3.056 GC heap before
{Heap before GC invocations=6 (full 0):
 garbage-first heap   total 49152K, used 27037K [0x0000000703a00000, 0x0000000800000000)
  region size 2048K, 10 young (20480K), 1 survivors (2048K)
 Metaspace       used 27384K, committed 27712K, reserved 1073152K
  class space    used 3170K, committed 3328K, reserved 1048576K
}
Event: 3.058 GC heap after
{Heap after GC invocations=7 (full 0):
 garbage-first heap   total 49152K, used 10651K [0x0000000703a00000, 0x0000000800000000)
  region size 2048K, 1 young (2048K), 1 survivors (2048K)
 Metaspace       used 27384K, committed 27712K, reserved 1073152K
  class space    used 3170K, committed 3328K, reserved 1048576K
}
Event: 3.088 GC heap before
{Heap before GC invocations=7 (full 0):
 garbage-first heap   total 49152K, used 29083K [0x0000000703a00000, 0x0000000800000000)
  region size 2048K, 11 young (22528K), 1 survivors (2048K)
 Metaspace       used 27725K, committed 28032K, reserved 1081344K
  class space    used 3193K, committed 3328K, reserved 1048576K
}
Event: 3.090 GC heap after
{Heap after GC invocations=8 (full 0):
 garbage-first heap   total 155648K, used 10672K [0x0000000703a00000, 0x0000000800000000)
  region size 2048K, 1 young (2048K), 1 survivors (2048K)
 Metaspace       used 27725K, committed 28032K, reserved 1081344K
  class space    used 3193K, committed 3328K, reserved 1048576K
}
Event: 5.182 GC heap before
{Heap before GC invocations=8 (full 0):
 garbage-first heap   total 155648K, used 72112K [0x0000000703a00000, 0x0000000800000000)
  region size 2048K, 32 young (65536K), 1 survivors (2048K)
 Metaspace       used 35869K, committed 36160K, reserved 1081344K
  class space    used 4279K, committed 4416K, reserved 1048576K
}
Event: 5.196 GC heap after
{Heap after GC invocations=9 (full 0):
 garbage-first heap   total 155648K, used 14928K [0x0000000703a00000, 0x0000000800000000)
  region size 2048K, 3 young (6144K), 3 survivors (6144K)
 Metaspace       used 35869K, committed 36160K, reserved 1081344K
  class space    used 4279K, committed 4416K, reserved 1048576K
}
Event: 6.309 GC heap before
{Heap before GC invocations=10 (full 0):
 garbage-first heap   total 61440K, used 45648K [0x0000000703a00000, 0x0000000800000000)
  region size 2048K, 18 young (36864K), 3 survivors (6144K)
 Metaspace       used 44244K, committed 44544K, reserved 1089536K
  class space    used 5501K, committed 5632K, reserved 1048576K
}
Event: 6.329 GC heap after
{Heap after GC invocations=11 (full 0):
 garbage-first heap   total 61440K, used 17761K [0x0000000703a00000, 0x0000000800000000)
  region size 2048K, 2 young (4096K), 2 survivors (4096K)
 Metaspace       used 44244K, committed 44544K, reserved 1089536K
  class space    used 5501K, committed 5632K, reserved 1048576K
}
Event: 6.394 GC heap before
{Heap before GC invocations=11 (full 0):
 garbage-first heap   total 61440K, used 17761K [0x0000000703a00000, 0x0000000800000000)
  region size 2048K, 3 young (6144K), 2 survivors (4096K)
 Metaspace       used 45488K, committed 45760K, reserved 1089536K
  class space    used 5643K, committed 5760K, reserved 1048576K
}
Event: 6.402 GC heap after
{Heap after GC invocations=12 (full 0):
 garbage-first heap   total 61440K, used 18168K [0x0000000703a00000, 0x0000000800000000)
  region size 2048K, 1 young (2048K), 1 survivors (2048K)
 Metaspace       used 45488K, committed 45760K, reserved 1089536K
  class space    used 5643K, committed 5760K, reserved 1048576K
}
Event: 7.361 GC heap before
{Heap before GC invocations=12 (full 0):
 garbage-first heap   total 61440K, used 42744K [0x0000000703a00000, 0x0000000800000000)
  region size 2048K, 13 young (26624K), 1 survivors (2048K)
 Metaspace       used 51564K, committed 51904K, reserved 1097728K
  class space    used 6437K, committed 6592K, reserved 1048576K
}
Event: 7.368 GC heap after
{Heap after GC invocations=13 (full 0):
 garbage-first heap   total 61440K, used 19118K [0x0000000703a00000, 0x0000000800000000)
  region size 2048K, 1 young (2048K), 1 survivors (2048K)
 Metaspace       used 51564K, committed 51904K, reserved 1097728K
  class space    used 6437K, committed 6592K, reserved 1048576K
}
Event: 8.104 GC heap before
{Heap before GC invocations=13 (full 0):
 garbage-first heap   total 61440K, used 43694K [0x0000000703a00000, 0x0000000800000000)
  region size 2048K, 14 young (28672K), 1 survivors (2048K)
 Metaspace       used 55693K, committed 56000K, reserved 1097728K
  class space    used 7110K, committed 7232K, reserved 1048576K
}
Event: 8.110 GC heap after
{Heap after GC invocations=14 (full 0):
 garbage-first heap   total 61440K, used 20138K [0x0000000703a00000, 0x0000000800000000)
  region size 2048K, 2 young (4096K), 2 survivors (4096K)
 Metaspace       used 55693K, committed 56000K, reserved 1097728K
  class space    used 7110K, committed 7232K, reserved 1048576K
}
Event: 8.911 GC heap before
{Heap before GC invocations=14 (full 0):
 garbage-first heap   total 61440K, used 46762K [0x0000000703a00000, 0x0000000800000000)
  region size 2048K, 15 young (30720K), 2 survivors (4096K)
 Metaspace       used 59278K, committed 59584K, reserved 1105920K
  class space    used 7548K, committed 7680K, reserved 1048576K
}
Event: 8.925 GC heap after
{Heap after GC invocations=15 (full 0):
 garbage-first heap   total 61440K, used 22227K [0x0000000703a00000, 0x0000000800000000)
  region size 2048K, 2 young (4096K), 2 survivors (4096K)
 Metaspace       used 59278K, committed 59584K, reserved 1105920K
  class space    used 7548K, committed 7680K, reserved 1048576K
}
Event: 9.314 GC heap before
{Heap before GC invocations=15 (full 0):
 garbage-first heap   total 61440K, used 34515K [0x0000000703a00000, 0x0000000800000000)
  region size 2048K, 9 young (18432K), 2 survivors (4096K)
 Metaspace       used 60214K, committed 60480K, reserved 1105920K
  class space    used 7705K, committed 7808K, reserved 1048576K
}
Event: 9.328 GC heap after
{Heap after GC invocations=16 (full 0):
 garbage-first heap   total 161792K, used 23721K [0x0000000703a00000, 0x0000000800000000)
  region size 2048K, 2 young (4096K), 2 survivors (4096K)
 Metaspace       used 60214K, committed 60480K, reserved 1105920K
  class space    used 7705K, committed 7808K, reserved 1048576K
}

